<?xml version="1.0" encoding="UTF-8"?>
<!-- Generated by org.testng.reporters.JUnitReportReporter -->
<testsuite hostname="DESKTOP-N5NIJN9" failures="0" tests="1" name="SuiteTest.XML_Test" time="2.764" errors="0" timestamp="19 May 2018 16:03:36 GMT" skipped="0">
  <testcase classname="SuiteTest.XML_Test" name="testScenario" time="2.764"/>
</testsuite> <!-- SuiteTest.XML_Test -->
