<?xml version="1.0" encoding="UTF-8"?>
<!-- Generated by org.testng.reporters.JUnitReportReporter -->
<testsuite hostname="DESKTOP-N5NIJN9" failures="0" tests="1" name="Count_USPS_Tabs.count_TABS" time="8.251" errors="0" timestamp="06 May 2018 16:20:05 GMT" skipped="0">
  <testcase classname="Count_USPS_Tabs.count_TABS" name="testScenarios" time="8.251"/>
</testsuite> <!-- Count_USPS_Tabs.count_TABS -->
