<?xml version="1.0" encoding="UTF-8"?>
<!-- Generated by org.testng.reporters.JUnitReportReporter -->
<testsuite hostname="DESKTOP-N5NIJN9" failures="0" tests="2" name="SuiteTest.ParallelTesting" time="17.272" errors="0" timestamp="19 May 2018 17:18:57 GMT" skipped="0">
  <testcase classname="SuiteTest.ParallelTesting" name="testScenario" time="9.618"/>
  <testcase classname="SuiteTest.ParallelTesting" name="testScenario" time="7.654"/>
</testsuite> <!-- SuiteTest.ParallelTesting -->
