<?xml version="1.0" encoding="UTF-8"?>
<!-- Generated by org.testng.reporters.JUnitReportReporter -->
<testsuite hostname="DESKTOP-N5NIJN9" failures="0" tests="1" name="Screenshot" time="21.369" errors="0" timestamp="18 May 2018 23:20:46 GMT" skipped="0">
  <testcase classname="Screenshot" name="gettingScreenshot" time="21.369"/>
</testsuite> <!-- Screenshot -->
