<?xml version="1.0" encoding="UTF-8"?>
<!-- Generated by org.testng.reporters.JUnitReportReporter -->
<testsuite hostname="DESKTOP-N5NIJN9" failures="0" tests="3" name="Express_Test" time="57.985" errors="0" timestamp="12 May 2018 16:48:55 GMT" skipped="0">
  <testcase classname="Express_Test" name="testCase1" time="38.243"/>
  <testcase classname="Express_Test" name="TestCase2" time="14.804"/>
  <testcase classname="Express_Test" name="testCase3" time="4.938"/>
</testsuite> <!-- Express_Test -->
