<?xml version="1.0" encoding="UTF-8"?>
<!-- Generated by org.testng.reporters.JUnitReportReporter -->
<testsuite hostname="DESKTOP-N5NIJN9" failures="0" tests="1" name="Yahoo.Yahoo_isSelected" time="16.304" errors="0" timestamp="06 May 2018 18:36:33 GMT" skipped="0">
  <testcase classname="Yahoo.Yahoo_isSelected" name="test_Scenario" time="16.304"/>
</testsuite> <!-- Yahoo.Yahoo_isSelected -->
