<?xml version="1.0" encoding="UTF-8"?>
<!-- Generated by org.testng.reporters.JUnitReportReporter -->
<testsuite hostname="DESKTOP-N5NIJN9" failures="0" tests="1" name="SuiteTest.Action7_USPS" time="18.102" errors="0" timestamp="19 May 2018 16:13:20 GMT" skipped="0">
  <testcase classname="SuiteTest.Action7_USPS" name="testScenario" time="18.102"/>
</testsuite> <!-- SuiteTest.Action7_USPS -->
