<?xml version="1.0" encoding="UTF-8"?>
<!-- Generated by org.testng.reporters.JUnitReportReporter -->
<testsuite hostname="DESKTOP-N5NIJN9" failures="0" tests="2" name="Action7_USPS" time="23.307" errors="0" timestamp="18 May 2018 23:19:28 GMT" skipped="0">
  <testcase classname="Action7_USPS" name="testScenario" time="17.625"/>
  <testcase classname="Action7_USPS" name="testScenario2" time="5.682"/>
</testsuite> <!-- Action7_USPS -->
