<?xml version="1.0" encoding="UTF-8"?>
<!-- Generated by org.testng.reporters.JUnitReportReporter -->
<testsuite hostname="DESKTOP-N5NIJN9" failures="0" tests="1" name="XML_Test" time="2.939" errors="0" timestamp="12 May 2018 18:59:22 GMT" skipped="0">
  <testcase classname="XML_Test" name="testScenario" time="2.939"/>
</testsuite> <!-- XML_Test -->
