<?xml version="1.0" encoding="UTF-8"?>
<!-- Generated by org.testng.reporters.JUnitReportReporter -->
<testsuite hostname="DESKTOP-N5NIJN9" failures="0" tests="3" name="SuiteTest.Express_Test" time="75.785" errors="0" timestamp="19 May 2018 16:03:36 GMT" skipped="0">
  <testcase classname="SuiteTest.Express_Test" name="TestCase2" time="14.224"/>
  <testcase classname="SuiteTest.Express_Test" name="testCase1" time="56.886"/>
  <testcase classname="SuiteTest.Express_Test" name="testCase3" time="4.675"/>
</testsuite> <!-- SuiteTest.Express_Test -->
